This is pdfTeX, Version 3.14159265-2.6-1.40.17 (TeX Live 2016/Debian) (preloaded format=latex 2017.4.15)  9 JUN 2017 16:22
entering extended mode
 restricted \write18 enabled.
 %&-line parsing enabled.
**doc.tex
(./doc.tex
LaTeX2e <2017/01/01> patch level 3
Babel <3.9r> and hyphenation patterns for 83 language(s) loaded.
(/usr/share/texlive/texmf-dist/tex/latex/base/article.cls
Document Class: article 2014/09/29 v1.4h Standard LaTeX document class
(/usr/share/texlive/texmf-dist/tex/latex/base/size11.clo
File: size11.clo 2014/09/29 v1.4h Standard LaTeX file (size option)
)
\c@part=\count79
\c@section=\count80
\c@subsection=\count81
\c@subsubsection=\count82
\c@paragraph=\count83
\c@subparagraph=\count84
\c@figure=\count85
\c@table=\count86
\abovecaptionskip=\skip41
\belowcaptionskip=\skip42
\bibindent=\dimen102
)
(/usr/share/texlive/texmf-dist/tex/latex/base/inputenc.sty
Package: inputenc 2015/03/17 v1.2c Input encoding file
\inpenc@prehook=\toks14
\inpenc@posthook=\toks15

(/usr/share/texlive/texmf-dist/tex/latex/base/latin1.def
File: latin1.def 2015/03/17 v1.2c Input encoding file
))
(/usr/share/texlive/texmf-dist/tex/latex/base/fontenc.sty
Package: fontenc 2017/02/22 v2.0g Standard LaTeX package

(/usr/share/texlive/texmf-dist/tex/latex/base/t1enc.def
File: t1enc.def 2017/02/22 v2.0g Standard LaTeX file
LaTeX Font Info:    Redeclaring font encoding T1 on input line 48.
))
(/usr/share/texlive/texmf-dist/tex/latex/base/textcomp.sty
Package: textcomp 2017/02/22 v2.0g Standard LaTeX package
Package textcomp Info: Sub-encoding information:
(textcomp)               5 = only ISO-Adobe without \textcurrency
(textcomp)               4 = 5 + \texteuro
(textcomp)               3 = 4 + \textohm
(textcomp)               2 = 3 + \textestimated + \textcurrency
(textcomp)               1 = TS1 - \textcircled - \t
(textcomp)               0 = TS1 (full)
(textcomp)             Font families with sub-encoding setting implement
(textcomp)             only a restricted character set as indicated.
(textcomp)             Family '?' is the default used for unknown fonts.
(textcomp)             See the documentation for details.
Package textcomp Info: Setting ? sub-encoding to TS1/1 on input line 79.

(/usr/share/texlive/texmf-dist/tex/latex/base/ts1enc.def
File: ts1enc.def 2001/06/05 v3.0e (jk/car/fm) Standard LaTeX file
)
LaTeX Info: Redefining \oldstylenums on input line 334.
Package textcomp Info: Setting cmr sub-encoding to TS1/0 on input line 349.
Package textcomp Info: Setting cmss sub-encoding to TS1/0 on input line 350.
Package textcomp Info: Setting cmtt sub-encoding to TS1/0 on input line 351.
Package textcomp Info: Setting cmvtt sub-encoding to TS1/0 on input line 352.
Package textcomp Info: Setting cmbr sub-encoding to TS1/0 on input line 353.
Package textcomp Info: Setting cmtl sub-encoding to TS1/0 on input line 354.
Package textcomp Info: Setting ccr sub-encoding to TS1/0 on input line 355.
Package textcomp Info: Setting ptm sub-encoding to TS1/4 on input line 356.
Package textcomp Info: Setting pcr sub-encoding to TS1/4 on input line 357.
Package textcomp Info: Setting phv sub-encoding to TS1/4 on input line 358.
Package textcomp Info: Setting ppl sub-encoding to TS1/3 on input line 359.
Package textcomp Info: Setting pag sub-encoding to TS1/4 on input line 360.
Package textcomp Info: Setting pbk sub-encoding to TS1/4 on input line 361.
Package textcomp Info: Setting pnc sub-encoding to TS1/4 on input line 362.
Package textcomp Info: Setting pzc sub-encoding to TS1/4 on input line 363.
Package textcomp Info: Setting bch sub-encoding to TS1/4 on input line 364.
Package textcomp Info: Setting put sub-encoding to TS1/5 on input line 365.
Package textcomp Info: Setting uag sub-encoding to TS1/5 on input line 366.
Package textcomp Info: Setting ugq sub-encoding to TS1/5 on input line 367.
Package textcomp Info: Setting ul8 sub-encoding to TS1/4 on input line 368.
Package textcomp Info: Setting ul9 sub-encoding to TS1/4 on input line 369.
Package textcomp Info: Setting augie sub-encoding to TS1/5 on input line 370.
Package textcomp Info: Setting dayrom sub-encoding to TS1/3 on input line 371.
Package textcomp Info: Setting dayroms sub-encoding to TS1/3 on input line 372.

Package textcomp Info: Setting pxr sub-encoding to TS1/0 on input line 373.
Package textcomp Info: Setting pxss sub-encoding to TS1/0 on input line 374.
Package textcomp Info: Setting pxtt sub-encoding to TS1/0 on input line 375.
Package textcomp Info: Setting txr sub-encoding to TS1/0 on input line 376.
Package textcomp Info: Setting txss sub-encoding to TS1/0 on input line 377.
Package textcomp Info: Setting txtt sub-encoding to TS1/0 on input line 378.
Package textcomp Info: Setting lmr sub-encoding to TS1/0 on input line 379.
Package textcomp Info: Setting lmdh sub-encoding to TS1/0 on input line 380.
Package textcomp Info: Setting lmss sub-encoding to TS1/0 on input line 381.
Package textcomp Info: Setting lmssq sub-encoding to TS1/0 on input line 382.
Package textcomp Info: Setting lmvtt sub-encoding to TS1/0 on input line 383.
Package textcomp Info: Setting lmtt sub-encoding to TS1/0 on input line 384.
Package textcomp Info: Setting qhv sub-encoding to TS1/0 on input line 385.
Package textcomp Info: Setting qag sub-encoding to TS1/0 on input line 386.
Package textcomp Info: Setting qbk sub-encoding to TS1/0 on input line 387.
Package textcomp Info: Setting qcr sub-encoding to TS1/0 on input line 388.
Package textcomp Info: Setting qcs sub-encoding to TS1/0 on input line 389.
Package textcomp Info: Setting qpl sub-encoding to TS1/0 on input line 390.
Package textcomp Info: Setting qtm sub-encoding to TS1/0 on input line 391.
Package textcomp Info: Setting qzc sub-encoding to TS1/0 on input line 392.
Package textcomp Info: Setting qhvc sub-encoding to TS1/0 on input line 393.
Package textcomp Info: Setting futs sub-encoding to TS1/4 on input line 394.
Package textcomp Info: Setting futx sub-encoding to TS1/4 on input line 395.
Package textcomp Info: Setting futj sub-encoding to TS1/4 on input line 396.
Package textcomp Info: Setting hlh sub-encoding to TS1/3 on input line 397.
Package textcomp Info: Setting hls sub-encoding to TS1/3 on input line 398.
Package textcomp Info: Setting hlst sub-encoding to TS1/3 on input line 399.
Package textcomp Info: Setting hlct sub-encoding to TS1/5 on input line 400.
Package textcomp Info: Setting hlx sub-encoding to TS1/5 on input line 401.
Package textcomp Info: Setting hlce sub-encoding to TS1/5 on input line 402.
Package textcomp Info: Setting hlcn sub-encoding to TS1/5 on input line 403.
Package textcomp Info: Setting hlcw sub-encoding to TS1/5 on input line 404.
Package textcomp Info: Setting hlcf sub-encoding to TS1/5 on input line 405.
Package textcomp Info: Setting pplx sub-encoding to TS1/3 on input line 406.
Package textcomp Info: Setting pplj sub-encoding to TS1/3 on input line 407.
Package textcomp Info: Setting ptmx sub-encoding to TS1/4 on input line 408.
Package textcomp Info: Setting ptmj sub-encoding to TS1/4 on input line 409.
)
(/usr/share/texlive/texmf-dist/tex/latex/preprint/fullpage.sty
Package: fullpage 1999/02/23 1.1 (PWD)
\FP@margin=\skip43
)
(/usr/share/texlive/texmf-dist/tex/latex/url/url.sty
\Urlmuskip=\muskip10
Package: url 2013/09/16  ver 3.4  Verb mode for urls, etc.
) (./ocamldoc.sty
Package: ocamldoc 2001/12/04 v1.0 ocamldoc support
)
No file doc.aux.
\openout1 = `doc.aux'.

LaTeX Font Info:    Checking defaults for OML/cmm/m/it on input line 8.
LaTeX Font Info:    ... okay on input line 8.
LaTeX Font Info:    Checking defaults for T1/cmr/m/n on input line 8.
LaTeX Font Info:    ... okay on input line 8.
LaTeX Font Info:    Checking defaults for OT1/cmr/m/n on input line 8.
LaTeX Font Info:    ... okay on input line 8.
LaTeX Font Info:    Checking defaults for OMS/cmsy/m/n on input line 8.
LaTeX Font Info:    ... okay on input line 8.
LaTeX Font Info:    Checking defaults for OMX/cmex/m/n on input line 8.
LaTeX Font Info:    ... okay on input line 8.
LaTeX Font Info:    Checking defaults for U/cmr/m/n on input line 8.
LaTeX Font Info:    ... okay on input line 8.
LaTeX Font Info:    Checking defaults for TS1/cmr/m/n on input line 8.
LaTeX Font Info:    Try loading font information for TS1+cmr on input line 8.
(/usr/share/texlive/texmf-dist/tex/latex/base/ts1cmr.fd
File: ts1cmr.fd 2014/09/29 v2.5h Standard LaTeX font definitions
)
LaTeX Font Info:    ... okay on input line 8.

No file doc.toc.
\tf@toc=\write3
\openout3 = `doc.toc'.

LaTeX Font Info:    Try loading font information for T1+cmtt on input line 10.
(/usr/share/texlive/texmf-dist/tex/latex/base/t1cmtt.fd
File: t1cmtt.fd 2014/09/29 v2.5h Standard LaTeX font definitions
) [1

]
LaTeX Font Info:    Try loading font information for TS1+cmtt on input line 225
.

(/usr/share/texlive/texmf-dist/tex/latex/base/ts1cmtt.fd
File: ts1cmtt.fd 2014/09/29 v2.5h Standard LaTeX font definitions
)
LaTeX Font Info:    External font `cmex10' loaded for size
(Font)              <10.95> on input line 310.
LaTeX Font Info:    External font `cmex10' loaded for size
(Font)              <8> on input line 310.
LaTeX Font Info:    External font `cmex10' loaded for size
(Font)              <6> on input line 310.


! Package inputenc Error: Keyboard character used is undefined
(inputenc)                in inputencoding `latin1'.

See the inputenc package documentation for explanation.
Type  H <return>  for immediate help.
 ...                                              
                                                  
l.312 ... its semantics is as follows: Given A\^aÇ
                                                  Å:t and A\^aÇÇ:t we have
? 

! Package inputenc Error: Keyboard character used is undefined
(inputenc)                in inputencoding `latin1'.

See the inputenc package documentation for explanation.
Type  H <return>  for immediate help.
 ...                                              
                                                  
l.312 ...its semantics is as follows: Given A\^aÇÅ
                                                  :t and A\^aÇÇ:t we have
? 

! Package inputenc Error: Keyboard character used is undefined
(inputenc)                in inputencoding `latin1'.

See the inputenc package documentation for explanation.
Type  H <return>  for immediate help.
 ...                                              
                                                  
l.312 ...s is as follows: Given A\^aÇÅ:t and A\^aÇ
                                                  Ç:t we have
? 

! Package inputenc Error: Keyboard character used is undefined
(inputenc)                in inputencoding `latin1'.

See the inputenc package documentation for explanation.
Type  H <return>  for immediate help.
 ...                                              
                                                  
l.312 ... is as follows: Given A\^aÇÅ:t and A\^aÇÇ
                                                  :t we have
? 

! Package inputenc Error: Keyboard character used is undefined
(inputenc)                in inputencoding `latin1'.

See the inputenc package documentation for explanation.
Type  H <return>  for immediate help.
 ...                                              
                                                  
l.315     F(A\^aÇ
                 Å,A\^aÇÇ) $=$ \{x\^aàä\^aÑù\^aÇä{\textbar}f(i(x,A\^aÇÅ),i(x...

? 

! Package inputenc Error: Keyboard character used is undefined
(inputenc)                in inputencoding `latin1'.

See the inputenc package documentation for explanation.
Type  H <return>  for immediate help.
 ...                                              
                                                  
l.315     F(A\^aÇÅ
                  ,A\^aÇÇ) $=$ \{x\^aàä\^aÑù\^aÇä{\textbar}f(i(x,A\^aÇÅ),i(x...

? 

! Package inputenc Error: Keyboard character used is undefined
(inputenc)                in inputencoding `latin1'.

See the inputenc package documentation for explanation.
Type  H <return>  for immediate help.
 ...                                              
                                                  
l.315     F(A\^aÇÅ,A\^aÇ
                        Ç) $=$ \{x\^aàä\^aÑù\^aÇä{\textbar}f(i(x,A\^aÇÅ),i(x...

? 

! Package inputenc Error: Keyboard character used is undefined
(inputenc)                in inputencoding `latin1'.

See the inputenc package documentation for explanation.
Type  H <return>  for immediate help.
 ...                                              
                                                  
l.315     F(A\^aÇÅ,A\^aÇÇ
                         ) $=$ \{x\^aàä\^aÑù\^aÇä{\textbar}f(i(x,A\^aÇÅ),i(x...

? 

! Package inputenc Error: Keyboard character used is undefined
(inputenc)                in inputencoding `latin1'.

See the inputenc package documentation for explanation.
Type  H <return>  for immediate help.
 ...                                              
                                                  
l.315     F(A\^aÇÅ,A\^aÇÇ) $=$ \{x\^aà
                                      ä\^aÑù\^aÇä{\textbar}f(i(x,A\^aÇÅ),i(x...

? 

! Package inputenc Error: Keyboard character used is undefined
(inputenc)                in inputencoding `latin1'.

See the inputenc package documentation for explanation.
Type  H <return>  for immediate help.
 ...                                              
                                                  
l.315     F(A\^aÇÅ,A\^aÇÇ) $=$ \{x\^aàä
                                       \^aÑù\^aÇä{\textbar}f(i(x,A\^aÇÅ),i(x...

? 

! Package inputenc Error: Keyboard character used is undefined
(inputenc)                in inputencoding `latin1'.

See the inputenc package documentation for explanation.
Type  H <return>  for immediate help.
 ...                                              
                                                  
l.315     F(A\^aÇÅ,A\^aÇÇ) $=$ \{x\^aàä\^aÑ
                                           ù\^aÇä{\textbar}f(i(x,A\^aÇÅ),i(x...

? 

! Package inputenc Error: Keyboard character used is undefined
(inputenc)                in inputencoding `latin1'.

See the inputenc package documentation for explanation.
Type  H <return>  for immediate help.
 ...                                              
                                                  
l.315     F(A\^aÇÅ,A\^aÇÇ) $=$ \{x\^aàä\^aÑù
                                            \^aÇä{\textbar}f(i(x,A\^aÇÅ),i(x...

? 

! Package inputenc Error: Keyboard character used is undefined
(inputenc)                in inputencoding `latin1'.

See the inputenc package documentation for explanation.
Type  H <return>  for immediate help.
 ...                                              
                                                  
l.315     F(A\^aÇÅ,A\^aÇÇ) $=$ \{x\^aàä\^aÑù\^aÇ
                                                ä{\textbar}f(i(x,A\^aÇÅ),i(x...

? 

! Package inputenc Error: Keyboard character used is undefined
(inputenc)                in inputencoding `latin1'.

See the inputenc package documentation for explanation.
Type  H <return>  for immediate help.
 ...                                              
                                                  
l.315     F(A\^aÇÅ,A\^aÇÇ) $=$ \{x\^aàä\^aÑù\^aÇä
                                                 {\textbar}f(i(x,A\^aÇÅ),i(x...

? 

! Package inputenc Error: Keyboard character used is undefined
(inputenc)                in inputencoding `latin1'.

See the inputenc package documentation for explanation.
Type  H <return>  for immediate help.
 ...                                              
                                                  
l.315 ...$ \{x\^aàä\^aÑù\^aÇä{\textbar}f(i(x,A\^aÇ
                                                  Å),i(x,A\^aÇÇ))\}
? 

! Package inputenc Error: Keyboard character used is undefined
(inputenc)                in inputencoding `latin1'.

See the inputenc package documentation for explanation.
Type  H <return>  for immediate help.
 ...                                              
                                                  
l.315 ... \{x\^aàä\^aÑù\^aÇä{\textbar}f(i(x,A\^aÇÅ
                                                  ),i(x,A\^aÇÇ))\}
? 

! Package inputenc Error: Keyboard character used is undefined
(inputenc)                in inputencoding `latin1'.

See the inputenc package documentation for explanation.
Type  H <return>  for immediate help.
 ...                                              
                                                  
l.315 ...aÑù\^aÇä{\textbar}f(i(x,A\^aÇÅ),i(x,A\^aÇ
                                                  Ç))\}
? 

! Package inputenc Error: Keyboard character used is undefined
(inputenc)                in inputencoding `latin1'.

See the inputenc package documentation for explanation.
Type  H <return>  for immediate help.
 ...                                              
                                                  
l.315 ...Ñù\^aÇä{\textbar}f(i(x,A\^aÇÅ),i(x,A\^aÇÇ
                                                  ))\}
? 

! Package inputenc Error: Keyboard character used is undefined
(inputenc)                in inputencoding `latin1'.

See the inputenc package documentation for explanation.
Type  H <return>  for immediate help.
 ...                                              
                                                  
l.318     where i(x,A\^aÇ
                         Å) $=$ true iff x\^aàäA\^aÇÅ ; i(x,A\^aÇÇ) $=$ true...

? 

! Package inputenc Error: Keyboard character used is undefined
(inputenc)                in inputencoding `latin1'.

See the inputenc package documentation for explanation.
Type  H <return>  for immediate help.
 ...                                              
                                                  
l.318     where i(x,A\^aÇÅ
                          ) $=$ true iff x\^aàäA\^aÇÅ ; i(x,A\^aÇÇ) $=$ true...

? 

! Package inputenc Error: Keyboard character used is undefined
(inputenc)                in inputencoding `latin1'.

See the inputenc package documentation for explanation.
Type  H <return>  for immediate help.
 ...                                              
                                                  
l.318     where i(x,A\^aÇÅ) $=$ true iff x\^aà
                                              äA\^aÇÅ ; i(x,A\^aÇÇ) $=$ true...

? 

! Package inputenc Error: Keyboard character used is undefined
(inputenc)                in inputencoding `latin1'.

See the inputenc package documentation for explanation.
Type  H <return>  for immediate help.
 ...                                              
                                                  
l.318     where i(x,A\^aÇÅ) $=$ true iff x\^aàä
                                               A\^aÇÅ ; i(x,A\^aÇÇ) $=$ true...

? 

! Package inputenc Error: Keyboard character used is undefined
(inputenc)                in inputencoding `latin1'.

See the inputenc package documentation for explanation.
Type  H <return>  for immediate help.
 ...                                              
                                                  
l.318 ...here i(x,A\^aÇÅ) $=$ true iff x\^aàäA\^aÇ
                                                  Å ; i(x,A\^aÇÇ) $=$ true i...

? 

! Package inputenc Error: Keyboard character used is undefined
(inputenc)                in inputencoding `latin1'.

See the inputenc package documentation for explanation.
Type  H <return>  for immediate help.
 ...                                              
                                                  
l.318 ...ere i(x,A\^aÇÅ) $=$ true iff x\^aàäA\^aÇÅ
                                                   ; i(x,A\^aÇÇ) $=$ true if...

? 

! Package inputenc Error: Keyboard character used is undefined
(inputenc)                in inputencoding `latin1'.

See the inputenc package documentation for explanation.
Type  H <return>  for immediate help.
 ...                                              
                                                  
l.318 ...ÇÅ) $=$ true iff x\^aàäA\^aÇÅ ; i(x,A\^aÇ
                                                  Ç) $=$ true iff x\^aàäA\^aÇÇ
? 

! Package inputenc Error: Keyboard character used is undefined
(inputenc)                in inputencoding `latin1'.

See the inputenc package documentation for explanation.
Type  H <return>  for immediate help.
 ...                                              
                                                  
l.318 ...Å) $=$ true iff x\^aàäA\^aÇÅ ; i(x,A\^aÇÇ
                                                  ) $=$ true iff x\^aàäA\^aÇÇ
? 

! Package inputenc Error: Keyboard character used is undefined
(inputenc)                in inputencoding `latin1'.

See the inputenc package documentation for explanation.
Type  H <return>  for immediate help.
 ...                                              
                                                  
l.318 ...àäA\^aÇÅ ; i(x,A\^aÇÇ) $=$ true iff x\^aà
                                                  äA\^aÇÇ
? 

! Package inputenc Error: Keyboard character used is undefined
(inputenc)                in inputencoding `latin1'.

See the inputenc package documentation for explanation.
Type  H <return>  for immediate help.
 ...                                              
                                                  
l.318 ...äA\^aÇÅ ; i(x,A\^aÇÇ) $=$ true iff x\^aàä
                                                  A\^aÇÇ
? 

! Package inputenc Error: Keyboard character used is undefined
(inputenc)                in inputencoding `latin1'.

See the inputenc package documentation for explanation.
Type  H <return>  for immediate help.
 ...                                              
                                                  
l.318 ...ÇÅ ; i(x,A\^aÇÇ) $=$ true iff x\^aàäA\^aÇ
                                                  Ç
? 

! Package inputenc Error: Keyboard character used is undefined
(inputenc)                in inputencoding `latin1'.

See the inputenc package documentation for explanation.
Type  H <return>  for immediate help.
 ...                                              
                                                  
l.318 ...Å ; i(x,A\^aÇÇ) $=$ true iff x\^aàäA\^aÇÇ
                                                  
? 

! Package inputenc Error: Keyboard character used is undefined
(inputenc)                in inputencoding `latin1'.

See the inputenc package documentation for explanation.
Type  H <return>  for immediate help.
 ...                                              
                                                  
l.321 ...ular, all the usual binary operators \^aã
                                                  Ç (intersection), \^aãÉ
? 

! Package inputenc Error: Keyboard character used is undefined
(inputenc)                in inputencoding `latin1'.

See the inputenc package documentation for explanation.
Type  H <return>  for immediate help.
 ...                                              
                                                  
l.321 ...lar, all the usual binary operators \^aãÇ
                                                   (intersection), \^aãÉ
? 

! Package inputenc Error: Keyboard character used is undefined
(inputenc)                in inputencoding `latin1'.

See the inputenc package documentation for explanation.
Type  H <return>  for immediate help.
 ...                                              
                                                  
l.321 ...nary operators \^aãÇ (intersection), \^aã
                                                  É
? 

! Package inputenc Error: Keyboard character used is undefined
(inputenc)                in inputencoding `latin1'.

See the inputenc package documentation for explanation.
Type  H <return>  for immediate help.
 ...                                              
                                                  
l.321 ...ary operators \^aãÇ (intersection), \^aãÉ
                                                  
? 

! Package inputenc Error: Keyboard character used is undefined
(inputenc)                in inputencoding `latin1'.

See the inputenc package documentation for explanation.
Type  H <return>  for immediate help.
 ...                                              
                                                  
l.322     (union), {\char92} (difference) and Œî
                                                 (symmetric difference) are ...

? 
[2] [3]

! Package inputenc Error: Keyboard character used is undefined
(inputenc)                in inputencoding `latin1'.

See the inputenc package documentation for explanation.
Type  H <return>  for immediate help.
 ...                                              
                                                  
l.687      as follows: Given A\^aÇ
                                  Å:t and A\^aÇÇ:t we have
? 

! Package inputenc Error: Keyboard character used is undefined
(inputenc)                in inputencoding `latin1'.

See the inputenc package documentation for explanation.
Type  H <return>  for immediate help.
 ...                                              
                                                  
l.687      as follows: Given A\^aÇÅ
                                   :t and A\^aÇÇ:t we have
? 

! Package inputenc Error: Keyboard character used is undefined
(inputenc)                in inputencoding `latin1'.

See the inputenc package documentation for explanation.
Type  H <return>  for immediate help.
 ...                                              
                                                  
l.687      as follows: Given A\^aÇÅ:t and A\^aÇ
                                               Ç:t we have
? 

! Package inputenc Error: Keyboard character used is undefined
(inputenc)                in inputencoding `latin1'.

See the inputenc package documentation for explanation.
Type  H <return>  for immediate help.
 ...                                              
                                                  
l.687      as follows: Given A\^aÇÅ:t and A\^aÇÇ
                                                :t we have
? 

! Package inputenc Error: Keyboard character used is undefined
(inputenc)                in inputencoding `latin1'.

See the inputenc package documentation for explanation.
Type  H <return>  for immediate help.
 ...                                              
                                                  
l.690      F(A\^aÇ
                  Å,A\^aÇÇ) $=$ true iff  \^aâ† √ò
? 

! Package inputenc Error: Keyboard character used is undefined
(inputenc)                in inputencoding `latin1'.

See the inputenc package documentation for explanation.
Type  H <return>  for immediate help.
 ...                                              
                                                  
l.690      F(A\^aÇÅ
                   ,A\^aÇÇ) $=$ true iff  \^aâ† √ò
? 

! Package inputenc Error: Keyboard character used is undefined
(inputenc)                in inputencoding `latin1'.

See the inputenc package documentation for explanation.
Type  H <return>  for immediate help.
 ...                                              
                                                  
l.690      F(A\^aÇÅ,A\^aÇ
                         Ç) $=$ true iff  \^aâ† √ò
? 

! Package inputenc Error: Keyboard character used is undefined
(inputenc)                in inputencoding `latin1'.

See the inputenc package documentation for explanation.
Type  H <return>  for immediate help.
 ...                                              
                                                  
l.690      F(A\^aÇÅ,A\^aÇÇ
                          ) $=$ true iff  \^aâ† √ò
? 

! Package inputenc Error: Keyboard character used is undefined
(inputenc)                in inputencoding `latin1'.

See the inputenc package documentation for explanation.
Type  H <return>  for immediate help.
 ...                                              
                                                  
l.690      F(A\^aÇÅ,A\^aÇÇ) $=$ true iff  \^aâ
                                              † √ò
? 

! Package inputenc Error: Keyboard character used is undefined
(inputenc)                in inputencoding `latin1'.

See the inputenc package documentation for explanation.
Type  H <return>  for immediate help.
 ...                                              
                                                  
l.690      F(A\^aÇÅ,A\^aÇÇ) $=$ true iff  \^aâ† √ò
                                                  
? 
[4]

! Package inputenc Error: Keyboard character used is undefined
(inputenc)                in inputencoding `latin1'.

See the inputenc package documentation for explanation.
Type  H <return>  for immediate help.
 ...                                              
                                                  
l.693      where i(x,A\^aÇ
                          Å) $=$ true iff x\^aàäA\^aÇÅ ; i(x,A\^aÇÇ) $=$ tru...

? 

! Package inputenc Error: Keyboard character used is undefined
(inputenc)                in inputencoding `latin1'.

See the inputenc package documentation for explanation.
Type  H <return>  for immediate help.
 ...                                              
                                                  
l.693      where i(x,A\^aÇÅ
                           ) $=$ true iff x\^aàäA\^aÇÅ ; i(x,A\^aÇÇ) $=$ tru...

? 

! Package inputenc Error: Keyboard character used is undefined
(inputenc)                in inputencoding `latin1'.

See the inputenc package documentation for explanation.
Type  H <return>  for immediate help.
 ...                                              
                                                  
l.693      where i(x,A\^aÇÅ) $=$ true iff x\^aà
                                               äA\^aÇÅ ; i(x,A\^aÇÇ) $=$ tru...

? 

! Package inputenc Error: Keyboard character used is undefined
(inputenc)                in inputencoding `latin1'.

See the inputenc package documentation for explanation.
Type  H <return>  for immediate help.
 ...                                              
                                                  
l.693      where i(x,A\^aÇÅ) $=$ true iff x\^aàä
                                                A\^aÇÅ ; i(x,A\^aÇÇ) $=$ tru...

? 

! Package inputenc Error: Keyboard character used is undefined
(inputenc)                in inputencoding `latin1'.

See the inputenc package documentation for explanation.
Type  H <return>  for immediate help.
 ...                                              
                                                  
l.693 ...here i(x,A\^aÇÅ) $=$ true iff x\^aàäA\^aÇ
                                                  Å ; i(x,A\^aÇÇ) $=$ true i...

? 

! Package inputenc Error: Keyboard character used is undefined
(inputenc)                in inputencoding `latin1'.

See the inputenc package documentation for explanation.
Type  H <return>  for immediate help.
 ...                                              
                                                  
l.693 ...ere i(x,A\^aÇÅ) $=$ true iff x\^aàäA\^aÇÅ
                                                   ; i(x,A\^aÇÇ) $=$ true if...

? 

! Package inputenc Error: Keyboard character used is undefined
(inputenc)                in inputencoding `latin1'.

See the inputenc package documentation for explanation.
Type  H <return>  for immediate help.
 ...                                              
                                                  
l.693 ...ÇÅ) $=$ true iff x\^aàäA\^aÇÅ ; i(x,A\^aÇ
                                                  Ç) $=$ true iff x\^aàäA\^aÇÇ
? 

! Package inputenc Error: Keyboard character used is undefined
(inputenc)                in inputencoding `latin1'.

See the inputenc package documentation for explanation.
Type  H <return>  for immediate help.
 ...                                              
                                                  
l.693 ...Å) $=$ true iff x\^aàäA\^aÇÅ ; i(x,A\^aÇÇ
                                                  ) $=$ true iff x\^aàäA\^aÇÇ
? 

! Package inputenc Error: Keyboard character used is undefined
(inputenc)                in inputencoding `latin1'.

See the inputenc package documentation for explanation.
Type  H <return>  for immediate help.
 ...                                              
                                                  
l.693 ...àäA\^aÇÅ ; i(x,A\^aÇÇ) $=$ true iff x\^aà
                                                  äA\^aÇÇ
? 

! Package inputenc Error: Keyboard character used is undefined
(inputenc)                in inputencoding `latin1'.

See the inputenc package documentation for explanation.
Type  H <return>  for immediate help.
 ...                                              
                                                  
l.693 ...äA\^aÇÅ ; i(x,A\^aÇÇ) $=$ true iff x\^aàä
                                                  A\^aÇÇ
? 

! Package inputenc Error: Keyboard character used is undefined
(inputenc)                in inputencoding `latin1'.

See the inputenc package documentation for explanation.
Type  H <return>  for immediate help.
 ...                                              
                                                  
l.693 ...ÇÅ ; i(x,A\^aÇÇ) $=$ true iff x\^aàäA\^aÇ
                                                  Ç
? 

! Package inputenc Error: Keyboard character used is undefined
(inputenc)                in inputencoding `latin1'.

See the inputenc package documentation for explanation.
Type  H <return>  for immediate help.
 ...                                              
                                                  
l.693 ...Å ; i(x,A\^aÇÇ) $=$ true iff x\^aàäA\^aÇÇ
                                                  
? 

Overfull \hbox (0.42952pt too wide) in paragraph at lines 820--820
 []\T1/cmtt/m/n/10.95 val interior_does_not_contain_zero : DotsAndDashes.Make.b
ound list -> bool[] 
 []


Overfull \hbox (17.40463pt too wide) in paragraph at lines 838--838
 []\T1/cmtt/m/n/10.95 val interior : DotsAndDashes.Make.bound list -> DotsAndDa
shes.Make.bound list[] 
 []


Overfull \hbox (11.74626pt too wide) in paragraph at lines 844--844
 []\T1/cmtt/m/n/10.95 val closure : DotsAndDashes.Make.bound list -> DotsAndDas
hes.Make.bound list[] 
 []


Overfull \hbox (11.74626pt too wide) in paragraph at lines 850--850
 []\T1/cmtt/m/n/10.95 val closure : DotsAndDashes.Make.bound list -> DotsAndDas
hes.Make.bound list[] 
 []


Overfull \hbox (17.40463pt too wide) in paragraph at lines 856--856
 []\T1/cmtt/m/n/10.95 val boundary : DotsAndDashes.Make.bound list -> DotsAndDa
shes.Make.bound list[] 
 []

[5]
Overfull \hbox (0.42952pt too wide) in paragraph at lines 923--923
 []\T1/cmtt/m/n/10.95 val boundary_does_not_contain_zero : DotsAndDashes.Make.b
ound list -> bool[] 
 []


Overfull \hbox (0.42952pt too wide) in paragraph at lines 935--935
 []\T1/cmtt/m/n/10.95 val interior_does_not_contain_zero : DotsAndDashes.Make.b
ound list -> bool[] 
 []


Overfull \hbox (17.40463pt too wide) in paragraph at lines 949--949
 []\T1/cmtt/m/n/10.95 val interior : DotsAndDashes.Make.bound list -> DotsAndDa
shes.Make.bound list[] 
 []


Overfull \hbox (11.74626pt too wide) in paragraph at lines 955--955
 []\T1/cmtt/m/n/10.95 val closure : DotsAndDashes.Make.bound list -> DotsAndDas
hes.Make.bound list[] 
 []


Overfull \hbox (17.40463pt too wide) in paragraph at lines 961--961
 []\T1/cmtt/m/n/10.95 val boundary : DotsAndDashes.Make.bound list -> DotsAndDa
shes.Make.bound list[] 
 []

[6] [7] (./doc.aux)

LaTeX Warning: Label(s) may have changed. Rerun to get cross-references right.

 ) 
Here is how much of TeX's memory you used:
 1214 strings out of 493014
 20643 string characters out of 6135708
 63073 words of memory out of 5000000
 4796 multiletter control sequences out of 15000+600000
 9616 words of font info for 29 fonts, out of 8000000 for 9000
 1141 hyphenation exceptions out of 8191
 21i,5n,20p,273b,356s stack positions out of 5000i,500n,10000p,200000b,80000s

Output written on doc.dvi (7 pages, 11404 bytes).
