This file contains any messages produced by compilers while
running configure, to aid debugging if configure makes a mistake.

It was created by oplate configure 0.1, which was
generated by GNU Autoconf 2.69.  Invocation command line was

  $ ./configure 

## --------- ##
## Platform. ##
## --------- ##

hostname = ellal
uname -m = x86_64
uname -r = 4.18.0-12-generic
uname -s = Linux
uname -v = #13-Ubuntu SMP Wed Nov 14 15:17:05 UTC 2018

/usr/bin/uname -p = unknown
/bin/uname -X     = unknown

/bin/arch              = unknown
/usr/bin/arch -k       = unknown
/usr/convex/getsysinfo = unknown
/usr/bin/hostinfo      = unknown
/bin/machine           = unknown
/usr/bin/oslevel       = unknown
/bin/universe          = unknown

PATH: /home/emmanuel/.opam/default/bin
PATH: /home/emmanuel/.opam/default/bin
PATH: /home/emmanuel/bin
PATH: /usr/local/sbin
PATH: /usr/local/bin
PATH: /usr/sbin
PATH: /usr/bin
PATH: /sbin
PATH: /bin
PATH: /usr/games
PATH: /usr/local/games
PATH: /snap/bin


## ----------- ##
## Core tests. ##
## ----------- ##

configure:1800: result: configuring oplate 0.1
configure:1851: checking for gcc
configure:1867: found /usr/bin/gcc
configure:1878: result: gcc
configure:2107: checking for C compiler version
configure:2116: gcc --version >&5
gcc (Ubuntu 8.2.0-7ubuntu1) 8.2.0
Copyright (C) 2018 Free Software Foundation, Inc.
This is free software; see the source for copying conditions.  There is NO
warranty; not even for MERCHANTABILITY or FITNESS FOR A PARTICULAR PURPOSE.

configure:2127: $? = 0
configure:2116: gcc -v >&5
Using built-in specs.
COLLECT_GCC=gcc
COLLECT_LTO_WRAPPER=/usr/lib/gcc/x86_64-linux-gnu/8/lto-wrapper
OFFLOAD_TARGET_NAMES=nvptx-none
OFFLOAD_TARGET_DEFAULT=1
Target: x86_64-linux-gnu
Configured with: ../src/configure -v --with-pkgversion='Ubuntu 8.2.0-7ubuntu1' --with-bugurl=file:///usr/share/doc/gcc-8/README.Bugs --enable-languages=c,ada,c++,go,brig,d,fortran,objc,obj-c++ --prefix=/usr --with-gcc-major-version-only --program-suffix=-8 --program-prefix=x86_64-linux-gnu- --enable-shared --enable-linker-build-id --libexecdir=/usr/lib --without-included-gettext --enable-threads=posix --libdir=/usr/lib --enable-nls --with-sysroot=/ --enable-clocale=gnu --enable-libstdcxx-debug --enable-libstdcxx-time=yes --with-default-libstdcxx-abi=new --enable-gnu-unique-object --disable-vtable-verify --enable-libmpx --enable-plugin --enable-default-pie --with-system-zlib --with-target-system-zlib --enable-objc-gc=auto --enable-multiarch --disable-werror --with-arch-32=i686 --with-abi=m64 --with-multilib-list=m32,m64,mx32 --enable-multilib --with-tune=generic --enable-offload-targets=nvptx-none --without-cuda-driver --enable-checking=release --build=x86_64-linux-gnu --host=x86_64-linux-gnu --target=x86_64-linux-gnu
Thread model: posix
gcc version 8.2.0 (Ubuntu 8.2.0-7ubuntu1) 
configure:2127: $? = 0
configure:2116: gcc -V >&5
gcc: error: unrecognized command line option '-V'
gcc: fatal error: no input files
compilation terminated.
configure:2127: $? = 1
configure:2116: gcc -qversion >&5
gcc: error: unrecognized command line option '-qversion'; did you mean '--version'?
gcc: fatal error: no input files
compilation terminated.
configure:2127: $? = 1
configure:2147: checking whether the C compiler works
configure:2169: gcc    conftest.c  >&5
configure:2173: $? = 0
configure:2221: result: yes
configure:2224: checking for C compiler default output file name
configure:2226: result: a.out
configure:2232: checking for suffix of executables
configure:2239: gcc -o conftest    conftest.c  >&5
configure:2243: $? = 0
configure:2265: result: 
configure:2287: checking whether we are cross compiling
configure:2295: gcc -o conftest    conftest.c  >&5
configure:2299: $? = 0
configure:2306: ./conftest
configure:2310: $? = 0
configure:2325: result: no
configure:2330: checking for suffix of object files
configure:2352: gcc -c   conftest.c >&5
configure:2356: $? = 0
configure:2377: result: o
configure:2381: checking whether we are using the GNU C compiler
configure:2400: gcc -c   conftest.c >&5
configure:2400: $? = 0
configure:2409: result: yes
configure:2418: checking whether gcc accepts -g
configure:2438: gcc -c -g  conftest.c >&5
configure:2438: $? = 0
configure:2479: result: yes
configure:2496: checking for gcc option to accept ISO C89
configure:2559: gcc  -c -g -O2  conftest.c >&5
configure:2559: $? = 0
configure:2572: result: none needed
configure:2647: checking for ocamlc
configure:2663: found /home/emmanuel/.opam/default/bin/ocamlc
configure:2674: result: ocamlc
configure:2699: result: OCaml version is 4.07.1
configure:2708: result: OCaml library path is /home/emmanuel/.opam/default/lib/ocaml
configure:2758: checking for ocamlopt
configure:2774: found /home/emmanuel/.opam/default/bin/ocamlopt
configure:2785: result: ocamlopt
configure:2868: checking for ocamlc.opt
configure:2884: found /home/emmanuel/.opam/default/bin/ocamlc.opt
configure:2895: result: ocamlc.opt
configure:2972: checking for ocamlopt.opt
configure:2988: found /home/emmanuel/.opam/default/bin/ocamlopt.opt
configure:2999: result: ocamlopt.opt
configure:3081: checking for ocaml
configure:3097: found /home/emmanuel/.opam/default/bin/ocaml
configure:3108: result: ocaml
configure:3175: checking for ocamldep
configure:3191: found /home/emmanuel/.opam/default/bin/ocamldep
configure:3202: result: ocamldep
configure:3269: checking for ocamlmktop
configure:3285: found /home/emmanuel/.opam/default/bin/ocamlmktop
configure:3296: result: ocamlmktop
configure:3363: checking for ocamlmklib
configure:3379: found /home/emmanuel/.opam/default/bin/ocamlmklib
configure:3390: result: ocamlmklib
configure:3457: checking for ocamldoc
configure:3473: found /home/emmanuel/.opam/default/bin/ocamldoc
configure:3484: result: ocamldoc
configure:3551: checking for ocamlbuild
configure:3567: found /home/emmanuel/.opam/default/bin/ocamlbuild
configure:3578: result: ocamlbuild
configure:3649: checking for ocamllex
configure:3665: found /home/emmanuel/.opam/default/bin/ocamllex
configure:3676: result: ocamllex
configure:3742: checking for ocamllex.opt
configure:3758: found /home/emmanuel/.opam/default/bin/ocamllex.opt
configure:3769: result: ocamllex.opt
configure:3840: checking for ocamlyacc
configure:3856: found /home/emmanuel/.opam/default/bin/ocamlyacc
configure:3867: result: ocamlyacc
configure:3954: checking for ocamlfind
configure:3970: found /home/emmanuel/.opam/default/bin/ocamlfind
configure:3981: result: ocamlfind
configure:4023: checking for OCaml findlib package lablgtk2
configure:4039: result: not found
configure:4085: checking for OCaml module lablgtk2
File "conftest.ml", line 1, characters 5-10:
Error: Unbound module GMain
configure:4103: result: not found
configure:4109: checking for OCaml module lablgtk2(glade)
File "conftest.ml", line 1, characters 5-10:
Error: Unbound module Glade
configure:4127: result: not found
configure:4236: checking for OCaml findlib package ocamlgraph
configure:4244: result: found
configure:4268: checking for OCaml module Apron
File "conftest.ml", line 1, characters 5-10:
Error: Unbound module Apron
configure:4286: result: not found
configure:4303: checking for OCaml findlib package batteries
configure:4319: result: not found
configure:4332: checking for OCaml findlib package numerix
configure:4348: result: not found
configure:4360: checking for OCaml module cil
File "conftest.ml", line 1, characters 5-8:
Error: Unbound module Cil
configure:4378: result: not found
configure:4575: creating ./config.status

## ---------------------- ##
## Running config.status. ##
## ---------------------- ##

This file was extended by oplate config.status 0.1, which was
generated by GNU Autoconf 2.69.  Invocation command line was

  CONFIG_FILES    = 
  CONFIG_HEADERS  = 
  CONFIG_LINKS    = 
  CONFIG_COMMANDS = 
  $ ./config.status 

on ellal

config.status:761: creating src/Makefile

## ---------------- ##
## Cache variables. ##
## ---------------- ##

ac_cv_c_compiler_gnu=yes
ac_cv_env_CC_set=
ac_cv_env_CC_value=
ac_cv_env_CFLAGS_set=
ac_cv_env_CFLAGS_value=
ac_cv_env_CPPFLAGS_set=
ac_cv_env_CPPFLAGS_value=
ac_cv_env_LDFLAGS_set=
ac_cv_env_LDFLAGS_value=
ac_cv_env_LIBS_set=
ac_cv_env_LIBS_value=
ac_cv_env_build_alias_set=
ac_cv_env_build_alias_value=
ac_cv_env_host_alias_set=
ac_cv_env_host_alias_value=
ac_cv_env_target_alias_set=
ac_cv_env_target_alias_value=
ac_cv_objext=o
ac_cv_prog_ac_ct_CC=gcc
ac_cv_prog_ac_ct_OCAML=ocaml
ac_cv_prog_ac_ct_OCAMLBUILD=ocamlbuild
ac_cv_prog_ac_ct_OCAMLC=ocamlc
ac_cv_prog_ac_ct_OCAMLCDOTOPT=ocamlc.opt
ac_cv_prog_ac_ct_OCAMLDEP=ocamldep
ac_cv_prog_ac_ct_OCAMLDOC=ocamldoc
ac_cv_prog_ac_ct_OCAMLFIND=ocamlfind
ac_cv_prog_ac_ct_OCAMLLEX=ocamllex
ac_cv_prog_ac_ct_OCAMLLEXDOTOPT=ocamllex.opt
ac_cv_prog_ac_ct_OCAMLMKLIB=ocamlmklib
ac_cv_prog_ac_ct_OCAMLMKTOP=ocamlmktop
ac_cv_prog_ac_ct_OCAMLOPT=ocamlopt
ac_cv_prog_ac_ct_OCAMLOPTDOTOPT=ocamlopt.opt
ac_cv_prog_ac_ct_OCAMLYACC=ocamlyacc
ac_cv_prog_cc_c89=
ac_cv_prog_cc_g=yes

## ----------------- ##
## Output variables. ##
## ----------------- ##

BEST='byte opt'
CAMLLIBPATH=''
CC='gcc'
CFLAGS='-g -O2'
CLIBS=''
CPPFLAGS=''
DEFS='-DPACKAGE_NAME=\"oplate\" -DPACKAGE_TARNAME=\"oplate\" -DPACKAGE_VERSION=\"0.1\" -DPACKAGE_STRING=\"oplate\ 0.1\" -DPACKAGE_BUGREPORT=\"\" -DPACKAGE_URL=\"\"'
ECHO_C=''
ECHO_N='-n'
ECHO_T=''
EXEEXT=''
LDFLAGS=''
LIBOBJS=''
LIBS=''
LTLIBOBJS=''
OBJEXT='o'
OCAML='ocaml'
OCAMLBEST='opt'
OCAMLBIN=''
OCAMLBUILD='ocamlbuild'
OCAMLC='ocamlc.opt'
OCAMLCDOTOPT='ocamlc.opt'
OCAMLCP=''
OCAMLDEP='ocamldep'
OCAMLDOC='ocamldoc'
OCAMLFIND='ocamlfind'
OCAMLFIND_LDCONF=''
OCAMLFLAGS=''
OCAMLINCDIRS=''
OCAMLLDFLAGS=''
OCAMLLEX='ocamllex.opt'
OCAMLLEXDOTOPT='ocamllex.opt'
OCAMLLIB='/home/emmanuel/.opam/default/lib/ocaml'
OCAMLMKLIB='ocamlmklib'
OCAMLMKTOP='ocamlmktop'
OCAMLOPT='ocamlopt.opt'
OCAMLOPTDOTOPT='ocamlopt.opt'
OCAMLVERSION='4.07.1'
OCAMLYACC='ocamlyacc'
OCAML_CIL='no'
OCAML_PKG_apron='no'
OCAML_PKG_batteries='no'
OCAML_PKG_gtkgl='no'
OCAML_PKG_lablgtk2='no'
OCAML_PKG_numerix='no'
OCAML_PKG_ocamlgraph='ocamlgraph'
PACKAGE_BUGREPORT=''
PACKAGE_NAME='oplate'
PACKAGE_STRING='oplate 0.1'
PACKAGE_TARNAME='oplate'
PACKAGE_URL=''
PACKAGE_VERSION='0.1'
PACKS=' ocamlgraph'
PATH_SEPARATOR=':'
SHELL='/bin/bash'
VERSION='0.1'
ac_ct_CC='gcc'
apron='no'
bindir='${exec_prefix}/bin'
build_alias=''
datadir='${datarootdir}'
datarootdir='${prefix}/share'
docdir='${datarootdir}/doc/${PACKAGE_TARNAME}'
dvidir='${docdir}'
exec_prefix='${prefix}'
has_lablgl=''
has_lablglade='no'
has_lablgtk2='no'
has_lablgtkgl=''
has_ocamlgraph=''
host_alias=''
htmldir='${docdir}'
includedir='${prefix}/include'
infodir='${datarootdir}/info'
libdir='${exec_prefix}/lib'
libexecdir='${exec_prefix}/libexec'
localedir='${datarootdir}/locale'
localstatedir='${prefix}/var'
mandir='${datarootdir}/man'
oldincludedir='/usr/include'
pdfdir='${docdir}'
prefix='/usr/local'
program_transform_name='s,x,x,'
psdir='${docdir}'
runstatedir='${localstatedir}/run'
sbindir='${exec_prefix}/sbin'
sharedstatedir='${prefix}/com'
sysconfdir='${prefix}/etc'
target_alias=''

## ----------- ##
## confdefs.h. ##
## ----------- ##

/* confdefs.h */
#define PACKAGE_NAME "oplate"
#define PACKAGE_TARNAME "oplate"
#define PACKAGE_VERSION "0.1"
#define PACKAGE_STRING "oplate 0.1"
#define PACKAGE_BUGREPORT ""
#define PACKAGE_URL ""

configure: exit 0
